<?xml version="1.0" encoding="UTF-8"?>
<!-- Generated by org.testng.reporters.JUnitReportReporter -->
<testsuite hostname="DESKTOP-FJRQFLH" failures="0" tests="1" name="com.mvn.GeneralStore" time="63.672" errors="0" timestamp="2024-09-23T17:26:58 IST" skipped="0">
  <testcase classname="com.mvn.GeneralStore" name="store" time="63.672"/>
</testsuite> <!-- com.mvn.GeneralStore -->
