<?xml version="1.0" encoding="UTF-8"?>
<!-- Generated by org.testng.reporters.JUnitReportReporter -->
<testsuite hostname="DESKTOP-FJRQFLH" failures="0" tests="1" name="com.mvn.CalcDemo" time="25.265" errors="0" timestamp="2024-09-30T16:11:48 IST" skipped="0">
  <testcase classname="com.mvn.CalcDemo" name="openCalc" time="25.265"/>
</testsuite> <!-- com.mvn.CalcDemo -->
