<?xml version="1.0" encoding="UTF-8"?>
<!-- Generated by org.testng.reporters.JUnitReportReporter -->
<testsuite hostname="DESKTOP-FJRQFLH" failures="0" tests="1" name="com.mvn.LongPress" time="20.827" errors="0" timestamp="2024-09-25T17:23:04 IST" skipped="0">
  <testcase classname="com.mvn.LongPress" name="press" time="20.827"/>
</testsuite> <!-- com.mvn.LongPress -->
