<?xml version="1.0" encoding="UTF-8"?>
<!-- Generated by org.testng.reporters.JUnitReportReporter -->
<testsuite hostname="DESKTOP-FJRQFLH" failures="0" tests="1" name="com.mvn.DragNDrop" time="19.391" errors="0" timestamp="2024-09-25T17:16:17 IST" skipped="0">
  <testcase classname="com.mvn.DragNDrop" name="drag" time="19.391"/>
</testsuite> <!-- com.mvn.DragNDrop -->
