<?xml version="1.0" encoding="UTF-8"?>
<!-- Generated by org.testng.reporters.JUnitReportReporter -->
<testsuite hostname="DESKTOP-FJRQFLH" failures="0" tests="1" name="com.mvn.GeneralStore" time="67.311" errors="0" timestamp="2024-09-25T15:22:55 IST" skipped="0">
  <testcase classname="com.mvn.GeneralStore" name="store" time="67.311"/>
</testsuite> <!-- com.mvn.GeneralStore -->
