<?xml version="1.0" encoding="UTF-8"?>
<!-- Generated by org.testng.reporters.JUnitReportReporter -->
<testsuite hostname="DESKTOP-FJRQFLH" failures="0" tests="1" name="com.mvn.FirstDemo" time="11.348" errors="0" timestamp="2024-09-23T12:57:22 IST" skipped="0">
  <testcase classname="com.mvn.FirstDemo" name="test" time="11.348"/>
</testsuite> <!-- com.mvn.FirstDemo -->
